<?xml version="1.0" encoding="UTF-8"?>
<!-- Generated by org.testng.reporters.JUnitXMLReporter -->
<testsuite ignored="0" hostname="LAPTOP-O05LPGF6" failures="0" tests="4" name="Default test" time="55.235" errors="0" timestamp="2021-07-15T23:07:26 IST">
  <testcase classname="ExtentReport" name="CalculatePremiumReport" time="17.44"/>
  <testcase classname="ExtentReport" name="InvalidReport" time="8.022"/>
  <testcase classname="ExtentReport" name="LogInOutReport" time="11.794"/>
  <testcase classname="ExtentReport" name="ValidReport" time="11.861"/>
</testsuite> <!-- Default test -->
