<?xml version="1.0" encoding="UTF-8"?>
<testng-results ignored="0" total="4" passed="4" failed="0" skipped="0">
  <reporter-output>
  </reporter-output>
  <suite started-at="2021-07-15T23:06:30 IST" name="Default suite" finished-at="2021-07-15T23:07:26 IST" duration-ms="55235">
    <groups>
    </groups>
    <test started-at="2021-07-15T23:06:30 IST" name="Default test" finished-at="2021-07-15T23:07:26 IST" duration-ms="55235">
      <class name="ExtentReport">
        <test-method is-config="true" signature="startTest()[pri:0, instance:ExtentReport@73e22a3d]" started-at="2021-07-15T23:06:31 IST" name="startTest" finished-at="2021-07-15T23:06:31 IST" duration-ms="219" status="PASS">
          <reporter-output>
          </reporter-output>
        </test-method> <!-- startTest -->
        <test-method signature="CalculatePremiumReport()[pri:0, instance:ExtentReport@73e22a3d]" started-at="2021-07-15T23:06:31 IST" name="CalculatePremiumReport" finished-at="2021-07-15T23:06:48 IST" duration-ms="17440" status="PASS">
          <reporter-output>
          </reporter-output>
        </test-method> <!-- CalculatePremiumReport -->
        <test-method signature="InvalidReport()[pri:0, instance:ExtentReport@73e22a3d]" started-at="2021-07-15T23:06:48 IST" name="InvalidReport" finished-at="2021-07-15T23:06:56 IST" duration-ms="8022" status="PASS">
          <reporter-output>
          </reporter-output>
        </test-method> <!-- InvalidReport -->
        <test-method signature="LogInOutReport()[pri:0, instance:ExtentReport@73e22a3d]" started-at="2021-07-15T23:06:56 IST" name="LogInOutReport" finished-at="2021-07-15T23:07:08 IST" duration-ms="11794" status="PASS">
          <reporter-output>
          </reporter-output>
        </test-method> <!-- LogInOutReport -->
        <test-method signature="ValidReport()[pri:0, instance:ExtentReport@73e22a3d]" started-at="2021-07-15T23:07:08 IST" name="ValidReport" finished-at="2021-07-15T23:07:20 IST" duration-ms="11861" status="PASS">
          <reporter-output>
          </reporter-output>
        </test-method> <!-- ValidReport -->
        <test-method is-config="true" signature="endTest()[pri:0, instance:ExtentReport@73e22a3d]" started-at="2021-07-15T23:07:20 IST" name="endTest" finished-at="2021-07-15T23:07:26 IST" duration-ms="5822" status="PASS">
          <reporter-output>
          </reporter-output>
        </test-method> <!-- endTest -->
      </class> <!-- ExtentReport -->
    </test> <!-- Default test -->
  </suite> <!-- Default suite -->
</testng-results>
